HELLO
HELLO
HELLO
HELLO
HELLO
HELLO
HELLO
HELLO
HELLO
HELLO
HELLO
HELLO
HELLO
HELLO
HELLO
HELLO
HELLO
HELLO
HELLO
HELLO
HELLO
HELLO
HELLO
HELLO
HELLO
HELLO
HELLO
HELLO
HELLO
HELLO
HELLO
HELLO
HELLO
HELLO
HELLO
HELLO
[INFO]「progate」で検索したツイートを取得し、いいねします
[ERROR]いいねに失敗しました: [{'code': 139, 'message': 'You have already favorited this status.'}]
[INFO]likeレコードを追加しました。user_id:mnashs03
[INFO]いいね数: 1
[INFO]likeレコードを追加しました。user_id:m_morino
[INFO]いいね数: 2
[INFO]likeレコードを追加しました。user_id:NoriyukiJP
[INFO]いいね数: 3
[ERROR]いいねに失敗しました: [{'code': 139, 'message': 'You have already favorited this status.'}]
[INFO]likeレコードを追加しました。user_id:ginnzi_FX
[INFO]いいね数: 4
[INFO]likeレコードを追加しました。user_id:kahatato_tw
[INFO]いいね数: 5
[INFO]likeレコードを追加しました。user_id:futtamwait
[INFO]いいね数: 6
[INFO]likeレコードを追加しました。user_id:C_lipton
[INFO]いいね数: 7
[INFO]likeレコードを追加しました。user_id:kahatato_tw
[INFO]いいね数: 8
[INFO]likeレコードを追加しました。user_id:okashizu12
[INFO]いいね数: 9
[INFO]likeレコードを追加しました。user_id:chihiro_jn
[INFO]いいね数: 10
[INFO]likeレコードを追加しました。user_id:nnananata
[INFO]いいね数: 11
[INFO]likeレコードを追加しました。user_id:sasa1192
[INFO]いいね数: 12
[INFO]likeレコードを追加しました。user_id:nojishioTw
[INFO]いいね数: 13
[INFO]likeレコードを追加しました。user_id:Nothing_To__
[INFO]いいね数: 14
[INFO]likeレコードを追加しました。user_id:TamagoAccount
[INFO]いいね数: 15
[INFO]likeレコードを追加しました。user_id:feelingskyblue
[INFO]いいね数: 16
[INFO]likeレコードを追加しました。user_id:sesquipedale
[INFO]いいね数: 17
[INFO]likeレコードを追加しました。user_id:Nothing_To__
[INFO]いいね数: 18
[INFO]likeレコードを追加しました。user_id:yuu1821pii
[INFO]いいね数: 19
[INFO]likeレコードを追加しました。user_id:homhom_star
[INFO]いいね数: 20
[INFO]likeレコードを追加しました。user_id:0ly53Qba7FUNuJw
[INFO]いいね数: 21
[INFO]likeレコードを追加しました。user_id:BrilliantRose_
[INFO]いいね数: 22
[INFO]likeレコードを追加しました。user_id:tkmt_kun
[INFO]いいね数: 23
[INFO]likeレコードを追加しました。user_id:hiromy007
[INFO]いいね数: 24
[INFO]likeレコードを追加しました。user_id:renchild8
[INFO]いいね数: 25
[INFO]likeレコードを追加しました。user_id:Nothing_To__
[INFO]いいね数: 26
[INFO]likeレコードを追加しました。user_id:erimemo14
[INFO]いいね数: 27
[INFO]likeレコードを追加しました。user_id:AaronCuddeback
[INFO]いいね数: 28
[INFO]likeレコードを追加しました。user_id:KEIBADEIKKAKU
[INFO]いいね数: 29
[INFO]likeレコードを追加しました。user_id:zero_music
[INFO]いいね数: 30
[ERROR]いいねに失敗しました: [{'code': 139, 'message': 'You have already favorited this status.'}]
[INFO]likeレコードを追加しました。user_id:mzr_3_
[INFO]いいね数: 31
[INFO]likeレコードを追加しました。user_id:Nao10sai
[INFO]いいね数: 32
[INFO]likeレコードを追加しました。user_id:TamagoAccount
[INFO]いいね数: 33
[INFO]likeレコードを追加しました。user_id:river_is_land
[INFO]いいね数: 34
[INFO]likeレコードを追加しました。user_id:erimemo14
[INFO]いいね数: 35
[INFO]likeレコードを追加しました。user_id:C_lipton
[INFO]いいね数: 36
[ERROR]いいねに失敗しました: [{'code': 139, 'message': 'You have already favorited this status.'}]
[ERROR]いいねに失敗しました: [{'code': 139, 'message': 'You have already favorited this status.'}]
[INFO]likeレコードを追加しました。user_id:happyisland44
[INFO]いいね数: 37
[INFO]likeレコードを追加しました。user_id:taka529x
[INFO]いいね数: 38
[INFO]likeレコードを追加しました。user_id:happyisland44
[INFO]いいね数: 39
[INFO]likeレコードを追加しました。user_id:z_a_ki3
[INFO]いいね数: 40
[INFO]likeレコードを追加しました。user_id:kahatato_tw
[INFO]いいね数: 41
[INFO]likeレコードを追加しました。user_id:homhom_star
[INFO]いいね数: 42
[INFO]likeレコードを追加しました。user_id:C_lipton
[INFO]いいね数: 43
[INFO]likeレコードを追加しました。user_id:micra_shizuna
[INFO]いいね数: 44
[INFO]likeレコードを追加しました。user_id:z_a_ki3
[INFO]いいね数: 45
[INFO]likeレコードを追加しました。user_id:C_lipton
[INFO]いいね数: 46
[INFO]likeレコードを追加しました。user_id:oiruhc
[INFO]いいね数: 47
[INFO]likeレコードを追加しました。user_id:TamagoAccount
[INFO]いいね数: 48
[INFO]likeレコードを追加しました。user_id:ItinoseVM
[INFO]いいね数: 49
[ERROR]いいねに失敗しました: [{'code': 139, 'message': 'You have already favorited this status.'}]
[INFO]likeレコードを追加しました。user_id:msd_fms
[INFO]いいね数: 50
[INFO]likeレコードを追加しました。user_id:kurocraft0312
[INFO]いいね数: 51
[ERROR]いいねに失敗しました: [{'code': 139, 'message': 'You have already favorited this status.'}]
[ERROR]いいねに失敗しました: [{'code': 139, 'message': 'You have already favorited this status.'}]
[ERROR]いいねに失敗しました: [{'code': 139, 'message': 'You have already favorited this status.'}]
[ERROR]いいねに失敗しました: [{'code': 139, 'message': 'You have already favorited this status.'}]
[INFO]likeレコードを追加しました。user_id:Kou_Typingood
[INFO]いいね数: 52
[ERROR]いいねに失敗しました: [{'code': 139, 'message': 'You have already favorited this status.'}]
[INFO]likeレコードを追加しました。user_id:z_a_ki3
[INFO]いいね数: 53
[INFO]likeレコードを追加しました。user_id:Toraji_10969
[INFO]いいね数: 54
[ERROR]いいねに失敗しました: [{'code': 139, 'message': 'You have already favorited this status.'}]
[INFO]likeレコードを追加しました。user_id:suama0826
[INFO]いいね数: 55
[INFO]likeレコードを追加しました。user_id:Azzzstar
[INFO]いいね数: 56
[INFO]likeレコードを追加しました。user_id:Azzzstar
[INFO]いいね数: 57
[ERROR]いいねに失敗しました: [{'code': 139, 'message': 'You have already favorited this status.'}]
[INFO]likeレコードを追加しました。user_id:renchild8
[INFO]いいね数: 58
[INFO]likeレコードを追加しました。user_id:cIs2H8qC1F8IWFn
[INFO]いいね数: 59
[INFO]likeレコードを追加しました。user_id:renchild8
[INFO]いいね数: 60
[ERROR]いいねに失敗しました: [{'code': 139, 'message': 'You have already favorited this status.'}]
[ERROR]いいねに失敗しました: [{'code': 139, 'message': 'You have already favorited this status.'}]
[INFO]likeレコードを追加しました。user_id:rcnnrti
[INFO]いいね数: 61
[INFO]likeレコードを追加しました。user_id:ncc_g
[INFO]いいね数: 62
[INFO]likeレコードを追加しました。user_id:happyisland44
[INFO]いいね数: 63
[INFO]likeレコードを追加しました。user_id:_ke_1_ta_
[INFO]いいね数: 64
[INFO]likeレコードを追加しました。user_id:z_a_ki3
[INFO]いいね数: 65
[ERROR]いいねに失敗しました: [{'code': 139, 'message': 'You have already favorited this status.'}]
[ERROR]いいねに失敗しました: [{'code': 139, 'message': 'You have already favorited this status.'}]
[INFO]likeレコードを追加しました。user_id:yutori_ing
[INFO]いいね数: 66
[INFO]likeレコードを追加しました。user_id:TamagoAccount
[INFO]いいね数: 67
[INFO]likeレコードを追加しました。user_id:zeroprogrammer
[INFO]いいね数: 68
[INFO]likeレコードを追加しました。user_id:m_morino
[INFO]いいね数: 69
[INFO]likeレコードを追加しました。user_id:toge510
[INFO]いいね数: 70
[INFO]likeレコードを追加しました。user_id:bonjirikingdom
[INFO]いいね数: 71
[INFO]likeレコードを追加しました。user_id:erimemo14
[INFO]いいね数: 72
[ERROR]いいねに失敗しました: [{'code': 139, 'message': 'You have already favorited this status.'}]
[ERROR]いいねに失敗しました: [{'code': 139, 'message': 'You have already favorited this status.'}]
[INFO]likeレコードを追加しました。user_id:ynkenta
[INFO]いいね数: 73
[INFO]likeレコードを追加しました。user_id:yayaya_yay
[INFO]いいね数: 74
[INFO]likeレコードを追加しました。user_id:ginnzi_FX
[INFO]いいね数: 75
[INFO]likeレコードを追加しました。user_id:z_a_ki3
[INFO]いいね数: 76
[ERROR]いいねに失敗しました: [{'code': 139, 'message': 'You have already favorited this status.'}]
[ERROR]いいねに失敗しました: [{'code': 139, 'message': 'You have already favorited this status.'}]
[INFO]likeレコードを追加しました。user_id:_ke_1_ta_
[INFO]いいね数: 77
[INFO]likeレコードを追加しました。user_id:amikasukasu
[INFO]いいね数: 78
[INFO]likeレコードを追加しました。user_id:never_be_a_pm
[INFO]いいね数: 79
[INFO]「progate」で検索したツイートを取得し、いいねします
[ERROR]いいねに失敗しました: [{'code': 139, 'message': 'You have already favorited this status.'}]
[ERROR]いいねに失敗しました: [{'code': 139, 'message': 'You have already favorited this status.'}]
[ERROR]いいねに失敗しました: [{'code': 139, 'message': 'You have already favorited this status.'}]
[ERROR]いいねに失敗しました: [{'code': 139, 'message': 'You have already favorited this status.'}]
[ERROR]いいねに失敗しました: [{'code': 139, 'message': 'You have already favorited this status.'}]
[ERROR]いいねに失敗しました: [{'code': 139, 'message': 'You have already favorited this status.'}]
[ERROR]いいねに失敗しました: [{'code': 139, 'message': 'You have already favorited this status.'}]
[ERROR]いいねに失敗しました: [{'code': 139, 'message': 'You have already favorited this status.'}]
[ERROR]いいねに失敗しました: [{'code': 139, 'message': 'You have already favorited this status.'}]
[ERROR]いいねに失敗しました: [{'code': 139, 'message': 'You have already favorited this status.'}]
[ERROR]いいねに失敗しました: [{'code': 139, 'message': 'You have already favorited this status.'}]
[ERROR]いいねに失敗しました: [{'code': 139, 'message': 'You have already favorited this status.'}]
[ERROR]いいねに失敗しました: [{'code': 139, 'message': 'You have already favorited this status.'}]
[ERROR]いいねに失敗しました: [{'code': 139, 'message': 'You have already favorited this status.'}]
[ERROR]いいねに失敗しました: [{'code': 139, 'message': 'You have already favorited this status.'}]
[ERROR]いいねに失敗しました: [{'code': 139, 'message': 'You have already favorited this status.'}]
[ERROR]いいねに失敗しました: [{'code': 139, 'message': 'You have already favorited this status.'}]
[ERROR]いいねに失敗しました: [{'code': 139, 'message': 'You have already favorited this status.'}]
[ERROR]いいねに失敗しました: [{'code': 139, 'message': 'You have already favorited this status.'}]
[ERROR]いいねに失敗しました: [{'code': 139, 'message': 'You have already favorited this status.'}]
[ERROR]いいねに失敗しました: [{'code': 139, 'message': 'You have already favorited this status.'}]
[ERROR]いいねに失敗しました: [{'code': 139, 'message': 'You have already favorited this status.'}]
[ERROR]いいねに失敗しました: [{'code': 139, 'message': 'You have already favorited this status.'}]
[ERROR]いいねに失敗しました: [{'code': 139, 'message': 'You have already favorited this status.'}]
[ERROR]いいねに失敗しました: [{'code': 139, 'message': 'You have already favorited this status.'}]
[ERROR]いいねに失敗しました: [{'code': 139, 'message': 'You have already favorited this status.'}]
[ERROR]いいねに失敗しました: [{'code': 139, 'message': 'You have already favorited this status.'}]
[ERROR]いいねに失敗しました: [{'code': 139, 'message': 'You have already favorited this status.'}]
[ERROR]いいねに失敗しました: [{'code': 139, 'message': 'You have already favorited this status.'}]
[ERROR]いいねに失敗しました: [{'code': 139, 'message': 'You have already favorited this status.'}]
[ERROR]いいねに失敗しました: [{'code': 139, 'message': 'You have already favorited this status.'}]
[ERROR]いいねに失敗しました: [{'code': 139, 'message': 'You have already favorited this status.'}]
[ERROR]いいねに失敗しました: [{'code': 139, 'message': 'You have already favorited this status.'}]
[ERROR]いいねに失敗しました: [{'code': 139, 'message': 'You have already favorited this status.'}]
[ERROR]いいねに失敗しました: [{'code': 139, 'message': 'You have already favorited this status.'}]
[ERROR]いいねに失敗しました: [{'code': 139, 'message': 'You have already favorited this status.'}]
[ERROR]いいねに失敗しました: [{'code': 139, 'message': 'You have already favorited this status.'}]
[ERROR]いいねに失敗しました: [{'code': 139, 'message': 'You have already favorited this status.'}]
[ERROR]いいねに失敗しました: [{'code': 139, 'message': 'You have already favorited this status.'}]
[ERROR]いいねに失敗しました: [{'code': 139, 'message': 'You have already favorited this status.'}]
[ERROR]いいねに失敗しました: [{'code': 139, 'message': 'You have already favorited this status.'}]
[ERROR]いいねに失敗しました: [{'code': 139, 'message': 'You have already favorited this status.'}]
[ERROR]いいねに失敗しました: [{'code': 139, 'message': 'You have already favorited this status.'}]
[ERROR]いいねに失敗しました: [{'code': 139, 'message': 'You have already favorited this status.'}]
[ERROR]いいねに失敗しました: [{'code': 139, 'message': 'You have already favorited this status.'}]
[ERROR]いいねに失敗しました: [{'code': 139, 'message': 'You have already favorited this status.'}]
[ERROR]いいねに失敗しました: [{'code': 139, 'message': 'You have already favorited this status.'}]
[ERROR]いいねに失敗しました: [{'code': 139, 'message': 'You have already favorited this status.'}]
[ERROR]いいねに失敗しました: [{'code': 139, 'message': 'You have already favorited this status.'}]
[ERROR]いいねに失敗しました: [{'code': 139, 'message': 'You have already favorited this status.'}]
[ERROR]いいねに失敗しました: [{'code': 139, 'message': 'You have already favorited this status.'}]
[ERROR]いいねに失敗しました: [{'code': 139, 'message': 'You have already favorited this status.'}]
[ERROR]いいねに失敗しました: [{'code': 139, 'message': 'You have already favorited this status.'}]
[ERROR]いいねに失敗しました: [{'code': 139, 'message': 'You have already favorited this status.'}]
[ERROR]いいねに失敗しました: [{'code': 139, 'message': 'You have already favorited this status.'}]
[ERROR]いいねに失敗しました: [{'code': 139, 'message': 'You have already favorited this status.'}]
[ERROR]いいねに失敗しました: [{'code': 139, 'message': 'You have already favorited this status.'}]
[ERROR]いいねに失敗しました: [{'code': 139, 'message': 'You have already favorited this status.'}]
[ERROR]いいねに失敗しました: [{'code': 139, 'message': 'You have already favorited this status.'}]
[ERROR]いいねに失敗しました: [{'code': 139, 'message': 'You have already favorited this status.'}]
[ERROR]いいねに失敗しました: [{'code': 139, 'message': 'You have already favorited this status.'}]
[ERROR]いいねに失敗しました: [{'code': 139, 'message': 'You have already favorited this status.'}]
[ERROR]いいねに失敗しました: [{'code': 139, 'message': 'You have already favorited this status.'}]
[ERROR]いいねに失敗しました: [{'code': 139, 'message': 'You have already favorited this status.'}]
[ERROR]いいねに失敗しました: [{'code': 139, 'message': 'You have already favorited this status.'}]
[ERROR]いいねに失敗しました: [{'code': 139, 'message': 'You have already favorited this status.'}]
[ERROR]いいねに失敗しました: [{'code': 139, 'message': 'You have already favorited this status.'}]
[ERROR]いいねに失敗しました: [{'code': 139, 'message': 'You have already favorited this status.'}]
[ERROR]いいねに失敗しました: [{'code': 139, 'message': 'You have already favorited this status.'}]
[ERROR]いいねに失敗しました: [{'code': 139, 'message': 'You have already favorited this status.'}]
[ERROR]いいねに失敗しました: [{'code': 139, 'message': 'You have already favorited this status.'}]
[ERROR]いいねに失敗しました: [{'code': 139, 'message': 'You have already favorited this status.'}]
[ERROR]いいねに失敗しました: [{'code': 139, 'message': 'You have already favorited this status.'}]
[ERROR]いいねに失敗しました: [{'code': 139, 'message': 'You have already favorited this status.'}]
[ERROR]いいねに失敗しました: [{'code': 139, 'message': 'You have already favorited this status.'}]
[ERROR]いいねに失敗しました: [{'code': 139, 'message': 'You have already favorited this status.'}]
[ERROR]いいねに失敗しました: [{'code': 139, 'message': 'You have already favorited this status.'}]
[ERROR]いいねに失敗しました: [{'code': 139, 'message': 'You have already favorited this status.'}]
[ERROR]いいねに失敗しました: [{'code': 139, 'message': 'You have already favorited this status.'}]
[ERROR]いいねに失敗しました: [{'code': 139, 'message': 'You have already favorited this status.'}]
[ERROR]いいねに失敗しました: [{'code': 139, 'message': 'You have already favorited this status.'}]
[ERROR]いいねに失敗しました: [{'code': 139, 'message': 'You have already favorited this status.'}]
[ERROR]いいねに失敗しました: [{'code': 139, 'message': 'You have already favorited this status.'}]
[ERROR]いいねに失敗しました: [{'code': 139, 'message': 'You have already favorited this status.'}]
[ERROR]いいねに失敗しました: [{'code': 139, 'message': 'You have already favorited this status.'}]
[ERROR]いいねに失敗しました: [{'code': 139, 'message': 'You have already favorited this status.'}]
[ERROR]いいねに失敗しました: [{'code': 139, 'message': 'You have already favorited this status.'}]
[ERROR]いいねに失敗しました: [{'code': 139, 'message': 'You have already favorited this status.'}]
[ERROR]いいねに失敗しました: [{'code': 139, 'message': 'You have already favorited this status.'}]
[ERROR]いいねに失敗しました: [{'code': 139, 'message': 'You have already favorited this status.'}]
[ERROR]いいねに失敗しました: [{'code': 139, 'message': 'You have already favorited this status.'}]
[ERROR]いいねに失敗しました: [{'code': 139, 'message': 'You have already favorited this status.'}]
[ERROR]いいねに失敗しました: [{'code': 139, 'message': 'You have already favorited this status.'}]
[ERROR]いいねに失敗しました: [{'code': 139, 'message': 'You have already favorited this status.'}]
[ERROR]いいねに失敗しました: [{'code': 139, 'message': 'You have already favorited this status.'}]
[ERROR]いいねに失敗しました: [{'code': 139, 'message': 'You have already favorited this status.'}]
[ERROR]いいねに失敗しました: [{'code': 139, 'message': 'You have already favorited this status.'}]
[ERROR]いいねに失敗しました: [{'code': 139, 'message': 'You have already favorited this status.'}]
[ERROR]いいねに失敗しました: [{'code': 139, 'message': 'You have already favorited this status.'}]
[ERROR]いいねに失敗しました: [{'code': 139, 'message': 'You have already favorited this status.'}]
[INFO]「progate」で検索したツイートを取得し、いいねします
[INFO]likeレコードを追加しました。user_id:mzr_3_
[INFO]いいね数: 1
[ERROR]いいねに失敗しました: [{'message': 'You have already favorited this status.', 'code': 139}]
[ERROR]いいねに失敗しました: [{'message': 'You have already favorited this status.', 'code': 139}]
[ERROR]いいねに失敗しました: [{'message': 'You have already favorited this status.', 'code': 139}]
[ERROR]いいねに失敗しました: [{'message': 'You have already favorited this status.', 'code': 139}]
[ERROR]いいねに失敗しました: [{'message': 'You have already favorited this status.', 'code': 139}]
[ERROR]いいねに失敗しました: [{'message': 'You have already favorited this status.', 'code': 139}]
[ERROR]いいねに失敗しました: [{'message': 'You have already favorited this status.', 'code': 139}]
[ERROR]いいねに失敗しました: [{'message': 'You have already favorited this status.', 'code': 139}]
[ERROR]いいねに失敗しました: [{'message': 'You have already favorited this status.', 'code': 139}]
[ERROR]いいねに失敗しました: [{'message': 'You have already favorited this status.', 'code': 139}]
[ERROR]いいねに失敗しました: [{'message': 'You have already favorited this status.', 'code': 139}]
[ERROR]いいねに失敗しました: [{'message': 'You have already favorited this status.', 'code': 139}]
[ERROR]いいねに失敗しました: [{'message': 'You have already favorited this status.', 'code': 139}]
[ERROR]いいねに失敗しました: [{'message': 'You have already favorited this status.', 'code': 139}]
[ERROR]いいねに失敗しました: [{'message': 'You have already favorited this status.', 'code': 139}]
[ERROR]いいねに失敗しました: [{'message': 'You have already favorited this status.', 'code': 139}]
[ERROR]いいねに失敗しました: [{'message': 'You have already favorited this status.', 'code': 139}]
[ERROR]いいねに失敗しました: [{'message': 'You have already favorited this status.', 'code': 139}]
[ERROR]いいねに失敗しました: [{'message': 'You have already favorited this status.', 'code': 139}]
[ERROR]いいねに失敗しました: [{'message': 'You have already favorited this status.', 'code': 139}]
[ERROR]いいねに失敗しました: [{'message': 'You have already favorited this status.', 'code': 139}]
[ERROR]いいねに失敗しました: [{'message': 'You have already favorited this status.', 'code': 139}]
[ERROR]いいねに失敗しました: [{'message': 'You have already favorited this status.', 'code': 139}]
[ERROR]いいねに失敗しました: [{'message': 'You have already favorited this status.', 'code': 139}]
[ERROR]いいねに失敗しました: [{'message': 'You have already favorited this status.', 'code': 139}]
[ERROR]いいねに失敗しました: [{'message': 'You have already favorited this status.', 'code': 139}]
[ERROR]いいねに失敗しました: [{'message': 'You have already favorited this status.', 'code': 139}]
[ERROR]いいねに失敗しました: [{'message': 'You have already favorited this status.', 'code': 139}]
[ERROR]いいねに失敗しました: [{'message': 'You have already favorited this status.', 'code': 139}]
[ERROR]いいねに失敗しました: [{'message': 'You have already favorited this status.', 'code': 139}]
[ERROR]いいねに失敗しました: [{'message': 'You have already favorited this status.', 'code': 139}]
[ERROR]いいねに失敗しました: [{'message': 'You have already favorited this status.', 'code': 139}]
[ERROR]いいねに失敗しました: [{'message': 'You have already favorited this status.', 'code': 139}]
[ERROR]いいねに失敗しました: [{'message': 'You have already favorited this status.', 'code': 139}]
[ERROR]いいねに失敗しました: [{'message': 'You have already favorited this status.', 'code': 139}]
[ERROR]いいねに失敗しました: [{'message': 'You have already favorited this status.', 'code': 139}]
[ERROR]いいねに失敗しました: [{'message': 'You have already favorited this status.', 'code': 139}]
[ERROR]いいねに失敗しました: [{'message': 'You have already favorited this status.', 'code': 139}]
[ERROR]いいねに失敗しました: [{'message': 'You have already favorited this status.', 'code': 139}]
[ERROR]いいねに失敗しました: [{'message': 'You have already favorited this status.', 'code': 139}]
[ERROR]いいねに失敗しました: [{'message': 'You have already favorited this status.', 'code': 139}]
[ERROR]いいねに失敗しました: [{'message': 'You have already favorited this status.', 'code': 139}]
[ERROR]いいねに失敗しました: [{'message': 'You have already favorited this status.', 'code': 139}]
[ERROR]いいねに失敗しました: [{'message': 'You have already favorited this status.', 'code': 139}]
[ERROR]いいねに失敗しました: [{'message': 'You have already favorited this status.', 'code': 139}]
[ERROR]いいねに失敗しました: [{'message': 'You have already favorited this status.', 'code': 139}]
[ERROR]いいねに失敗しました: [{'message': 'You have already favorited this status.', 'code': 139}]
[ERROR]いいねに失敗しました: [{'message': 'You have already favorited this status.', 'code': 139}]
[ERROR]いいねに失敗しました: [{'message': 'You have already favorited this status.', 'code': 139}]
[ERROR]いいねに失敗しました: [{'message': 'You have already favorited this status.', 'code': 139}]
[ERROR]いいねに失敗しました: [{'message': 'You have already favorited this status.', 'code': 139}]
[ERROR]いいねに失敗しました: [{'message': 'You have already favorited this status.', 'code': 139}]
[ERROR]いいねに失敗しました: [{'message': 'You have already favorited this status.', 'code': 139}]
[ERROR]いいねに失敗しました: [{'message': 'You have already favorited this status.', 'code': 139}]
[ERROR]いいねに失敗しました: [{'message': 'You have already favorited this status.', 'code': 139}]
[ERROR]いいねに失敗しました: [{'message': 'You have already favorited this status.', 'code': 139}]
[ERROR]いいねに失敗しました: [{'message': 'You have already favorited this status.', 'code': 139}]
[ERROR]いいねに失敗しました: [{'message': 'You have already favorited this status.', 'code': 139}]
[ERROR]いいねに失敗しました: [{'message': 'You have already favorited this status.', 'code': 139}]
[ERROR]いいねに失敗しました: [{'message': 'You have already favorited this status.', 'code': 139}]
[ERROR]いいねに失敗しました: [{'message': 'You have already favorited this status.', 'code': 139}]
[ERROR]いいねに失敗しました: [{'message': 'You have already favorited this status.', 'code': 139}]
[ERROR]いいねに失敗しました: [{'message': 'You have already favorited this status.', 'code': 139}]
[ERROR]いいねに失敗しました: [{'message': 'You have already favorited this status.', 'code': 139}]
[ERROR]いいねに失敗しました: [{'message': 'You have already favorited this status.', 'code': 139}]
[ERROR]いいねに失敗しました: [{'message': 'You have already favorited this status.', 'code': 139}]
[ERROR]いいねに失敗しました: [{'message': 'You have already favorited this status.', 'code': 139}]
[ERROR]いいねに失敗しました: [{'message': 'You have already favorited this status.', 'code': 139}]
[ERROR]いいねに失敗しました: [{'message': 'You have already favorited this status.', 'code': 139}]
[ERROR]いいねに失敗しました: [{'message': 'You have already favorited this status.', 'code': 139}]
[ERROR]いいねに失敗しました: [{'message': 'You have already favorited this status.', 'code': 139}]
[ERROR]いいねに失敗しました: [{'message': 'You have already favorited this status.', 'code': 139}]
[ERROR]いいねに失敗しました: [{'message': 'You have already favorited this status.', 'code': 139}]
[ERROR]いいねに失敗しました: [{'message': 'You have already favorited this status.', 'code': 139}]
[ERROR]いいねに失敗しました: [{'message': 'You have already favorited this status.', 'code': 139}]
[ERROR]いいねに失敗しました: [{'message': 'You have already favorited this status.', 'code': 139}]
[ERROR]いいねに失敗しました: [{'message': 'You have already favorited this status.', 'code': 139}]
[ERROR]いいねに失敗しました: [{'message': 'You have already favorited this status.', 'code': 139}]
[ERROR]いいねに失敗しました: [{'message': 'You have already favorited this status.', 'code': 139}]
[ERROR]いいねに失敗しました: [{'message': 'You have already favorited this status.', 'code': 139}]
[ERROR]いいねに失敗しました: [{'message': 'You have already favorited this status.', 'code': 139}]
[ERROR]いいねに失敗しました: [{'message': 'You have already favorited this status.', 'code': 139}]
[ERROR]いいねに失敗しました: [{'message': 'You have already favorited this status.', 'code': 139}]
[ERROR]いいねに失敗しました: [{'message': 'You have already favorited this status.', 'code': 139}]
[ERROR]いいねに失敗しました: [{'message': 'You have already favorited this status.', 'code': 139}]
[ERROR]いいねに失敗しました: [{'message': 'You have already favorited this status.', 'code': 139}]
[ERROR]いいねに失敗しました: [{'message': 'You have already favorited this status.', 'code': 139}]
[ERROR]いいねに失敗しました: [{'message': 'You have already favorited this status.', 'code': 139}]
[ERROR]いいねに失敗しました: [{'message': 'You have already favorited this status.', 'code': 139}]
[ERROR]いいねに失敗しました: [{'message': 'You have already favorited this status.', 'code': 139}]
[ERROR]いいねに失敗しました: [{'message': 'You have already favorited this status.', 'code': 139}]
[ERROR]いいねに失敗しました: [{'message': 'You have already favorited this status.', 'code': 139}]
[ERROR]いいねに失敗しました: [{'message': 'You have already favorited this status.', 'code': 139}]
[ERROR]いいねに失敗しました: [{'message': 'You have already favorited this status.', 'code': 139}]
[ERROR]いいねに失敗しました: [{'message': 'You have already favorited this status.', 'code': 139}]
[ERROR]いいねに失敗しました: [{'message': 'You have already favorited this status.', 'code': 139}]
[ERROR]いいねに失敗しました: [{'message': 'You have already favorited this status.', 'code': 139}]
[ERROR]いいねに失敗しました: [{'message': 'You have already favorited this status.', 'code': 139}]
[ERROR]いいねに失敗しました: [{'message': 'You have already favorited this status.', 'code': 139}]
[INFO]「progate」で検索したツイートを取得し、いいねします
[ERROR]いいねに失敗しました: [{'message': 'You have already favorited this status.', 'code': 139}]
[ERROR]いいねに失敗しました: [{'message': 'You have already favorited this status.', 'code': 139}]
[ERROR]いいねに失敗しました: [{'message': 'You have already favorited this status.', 'code': 139}]
[ERROR]いいねに失敗しました: [{'message': 'You have already favorited this status.', 'code': 139}]
[ERROR]いいねに失敗しました: [{'message': 'You have already favorited this status.', 'code': 139}]
[ERROR]いいねに失敗しました: [{'message': 'You have already favorited this status.', 'code': 139}]
[ERROR]いいねに失敗しました: [{'message': 'You have already favorited this status.', 'code': 139}]
[ERROR]いいねに失敗しました: [{'message': 'You have already favorited this status.', 'code': 139}]
[ERROR]いいねに失敗しました: [{'message': 'You have already favorited this status.', 'code': 139}]
[ERROR]いいねに失敗しました: [{'message': 'You have already favorited this status.', 'code': 139}]
[ERROR]いいねに失敗しました: [{'message': 'You have already favorited this status.', 'code': 139}]
[ERROR]いいねに失敗しました: [{'message': 'You have already favorited this status.', 'code': 139}]
[ERROR]いいねに失敗しました: [{'message': 'You have already favorited this status.', 'code': 139}]
[ERROR]いいねに失敗しました: [{'message': 'You have already favorited this status.', 'code': 139}]
[ERROR]いいねに失敗しました: [{'message': 'You have already favorited this status.', 'code': 139}]
[ERROR]いいねに失敗しました: [{'message': 'You have already favorited this status.', 'code': 139}]
[ERROR]いいねに失敗しました: [{'message': 'You have already favorited this status.', 'code': 139}]
[ERROR]いいねに失敗しました: [{'message': 'You have already favorited this status.', 'code': 139}]
[ERROR]いいねに失敗しました: [{'message': 'You have already favorited this status.', 'code': 139}]
[ERROR]いいねに失敗しました: [{'message': 'You have already favorited this status.', 'code': 139}]
[ERROR]いいねに失敗しました: [{'message': 'You have already favorited this status.', 'code': 139}]
[ERROR]いいねに失敗しました: [{'message': 'You have already favorited this status.', 'code': 139}]
[ERROR]いいねに失敗しました: [{'message': 'You have already favorited this status.', 'code': 139}]
[ERROR]いいねに失敗しました: [{'message': 'You have already favorited this status.', 'code': 139}]
[ERROR]いいねに失敗しました: [{'message': 'You have already favorited this status.', 'code': 139}]
[ERROR]いいねに失敗しました: [{'message': 'You have already favorited this status.', 'code': 139}]
[ERROR]いいねに失敗しました: [{'message': 'You have already favorited this status.', 'code': 139}]
[ERROR]いいねに失敗しました: [{'message': 'You have already favorited this status.', 'code': 139}]
[ERROR]いいねに失敗しました: [{'message': 'You have already favorited this status.', 'code': 139}]
[ERROR]いいねに失敗しました: [{'message': 'You have already favorited this status.', 'code': 139}]
[ERROR]いいねに失敗しました: [{'message': 'You have already favorited this status.', 'code': 139}]
[ERROR]いいねに失敗しました: [{'message': 'You have already favorited this status.', 'code': 139}]
[ERROR]いいねに失敗しました: [{'message': 'You have already favorited this status.', 'code': 139}]
[ERROR]いいねに失敗しました: [{'message': 'You have already favorited this status.', 'code': 139}]
[ERROR]いいねに失敗しました: [{'message': 'You have already favorited this status.', 'code': 139}]
[ERROR]いいねに失敗しました: [{'message': 'You have already favorited this status.', 'code': 139}]
[ERROR]いいねに失敗しました: [{'message': 'You have already favorited this status.', 'code': 139}]
[ERROR]いいねに失敗しました: [{'message': 'You have already favorited this status.', 'code': 139}]
[ERROR]いいねに失敗しました: [{'message': 'You have already favorited this status.', 'code': 139}]
[ERROR]いいねに失敗しました: [{'message': 'You have already favorited this status.', 'code': 139}]
[ERROR]いいねに失敗しました: [{'message': 'You have already favorited this status.', 'code': 139}]
[ERROR]いいねに失敗しました: [{'message': 'You have already favorited this status.', 'code': 139}]
[ERROR]いいねに失敗しました: [{'message': 'You have already favorited this status.', 'code': 139}]
[ERROR]いいねに失敗しました: [{'message': 'You have already favorited this status.', 'code': 139}]
[ERROR]いいねに失敗しました: [{'message': 'You have already favorited this status.', 'code': 139}]
[ERROR]いいねに失敗しました: [{'message': 'You have already favorited this status.', 'code': 139}]
[ERROR]いいねに失敗しました: [{'message': 'You have already favorited this status.', 'code': 139}]
[ERROR]いいねに失敗しました: [{'message': 'You have already favorited this status.', 'code': 139}]
[ERROR]いいねに失敗しました: [{'message': 'You have already favorited this status.', 'code': 139}]
[ERROR]いいねに失敗しました: [{'message': 'You have already favorited this status.', 'code': 139}]
[ERROR]いいねに失敗しました: [{'message': 'You have already favorited this status.', 'code': 139}]
[ERROR]いいねに失敗しました: [{'message': 'You have already favorited this status.', 'code': 139}]
[ERROR]いいねに失敗しました: [{'message': 'You have already favorited this status.', 'code': 139}]
[ERROR]いいねに失敗しました: [{'message': 'You have already favorited this status.', 'code': 139}]
[ERROR]いいねに失敗しました: [{'message': 'You have already favorited this status.', 'code': 139}]
[ERROR]いいねに失敗しました: [{'message': 'You have already favorited this status.', 'code': 139}]
[ERROR]いいねに失敗しました: [{'message': 'You have already favorited this status.', 'code': 139}]
[ERROR]いいねに失敗しました: [{'message': 'You have already favorited this status.', 'code': 139}]
[ERROR]いいねに失敗しました: [{'message': 'You have already favorited this status.', 'code': 139}]
[ERROR]いいねに失敗しました: [{'message': 'You have already favorited this status.', 'code': 139}]
[ERROR]いいねに失敗しました: [{'message': 'You have already favorited this status.', 'code': 139}]
[ERROR]いいねに失敗しました: [{'message': 'You have already favorited this status.', 'code': 139}]
[ERROR]いいねに失敗しました: [{'message': 'You have already favorited this status.', 'code': 139}]
[ERROR]いいねに失敗しました: [{'message': 'You have already favorited this status.', 'code': 139}]
[ERROR]いいねに失敗しました: [{'message': 'You have already favorited this status.', 'code': 139}]
[ERROR]いいねに失敗しました: [{'message': 'You have already favorited this status.', 'code': 139}]
[ERROR]いいねに失敗しました: [{'message': 'You have already favorited this status.', 'code': 139}]
[ERROR]いいねに失敗しました: [{'message': 'You have already favorited this status.', 'code': 139}]
[ERROR]いいねに失敗しました: [{'message': 'You have already favorited this status.', 'code': 139}]
[ERROR]いいねに失敗しました: [{'message': 'You have already favorited this status.', 'code': 139}]
[ERROR]いいねに失敗しました: [{'message': 'You have already favorited this status.', 'code': 139}]
[ERROR]いいねに失敗しました: [{'message': 'You have already favorited this status.', 'code': 139}]
[ERROR]いいねに失敗しました: [{'message': 'You have already favorited this status.', 'code': 139}]
[ERROR]いいねに失敗しました: [{'message': 'You have already favorited this status.', 'code': 139}]
[ERROR]いいねに失敗しました: [{'message': 'You have already favorited this status.', 'code': 139}]
[ERROR]いいねに失敗しました: [{'message': 'You have already favorited this status.', 'code': 139}]
[ERROR]いいねに失敗しました: [{'message': 'You have already favorited this status.', 'code': 139}]
[ERROR]いいねに失敗しました: [{'message': 'You have already favorited this status.', 'code': 139}]
[ERROR]いいねに失敗しました: [{'message': 'You have already favorited this status.', 'code': 139}]
[ERROR]いいねに失敗しました: [{'message': 'You have already favorited this status.', 'code': 139}]
[ERROR]いいねに失敗しました: [{'message': 'You have already favorited this status.', 'code': 139}]
[ERROR]いいねに失敗しました: [{'message': 'You have already favorited this status.', 'code': 139}]
[ERROR]いいねに失敗しました: [{'message': 'You have already favorited this status.', 'code': 139}]
[ERROR]いいねに失敗しました: [{'message': 'You have already favorited this status.', 'code': 139}]
[ERROR]いいねに失敗しました: [{'message': 'You have already favorited this status.', 'code': 139}]
[ERROR]いいねに失敗しました: [{'message': 'You have already favorited this status.', 'code': 139}]
[ERROR]いいねに失敗しました: [{'message': 'You have already favorited this status.', 'code': 139}]
[ERROR]いいねに失敗しました: [{'message': 'You have already favorited this status.', 'code': 139}]
[ERROR]いいねに失敗しました: [{'message': 'You have already favorited this status.', 'code': 139}]
[ERROR]いいねに失敗しました: [{'message': 'You have already favorited this status.', 'code': 139}]
[ERROR]いいねに失敗しました: [{'message': 'You have already favorited this status.', 'code': 139}]
[ERROR]いいねに失敗しました: [{'message': 'You have already favorited this status.', 'code': 139}]
[ERROR]いいねに失敗しました: [{'message': 'You have already favorited this status.', 'code': 139}]
[ERROR]いいねに失敗しました: [{'message': 'You have already favorited this status.', 'code': 139}]
[ERROR]いいねに失敗しました: [{'message': 'You have already favorited this status.', 'code': 139}]
[ERROR]いいねに失敗しました: [{'message': 'You have already favorited this status.', 'code': 139}]
[ERROR]いいねに失敗しました: [{'message': 'You have already favorited this status.', 'code': 139}]
[ERROR]いいねに失敗しました: [{'message': 'You have already favorited this status.', 'code': 139}]
[ERROR]いいねに失敗しました: [{'message': 'You have already favorited this status.', 'code': 139}]
[ERROR]いいねに失敗しました: [{'message': 'You have already favorited this status.', 'code': 139}]
[INFO]「progate」で検索したツイートを取得し、いいねします
[INFO]likeレコードを追加しました。user_id:rotomx
[INFO]いいね数: 1
[INFO]likeレコードを追加しました。user_id:tnskEg
[INFO]いいね数: 2
[INFO]likeレコードを追加しました。user_id:homhom_star
[INFO]いいね数: 3
[INFO]likeレコードを追加しました。user_id:C_lipton
[INFO]いいね数: 4
[INFO]likeレコードを追加しました。user_id:C_lipton
[INFO]いいね数: 5
[INFO]likeレコードを追加しました。user_id:TamagoAccount
[INFO]いいね数: 6
[INFO]likeレコードを追加しました。user_id:okashizu12
[INFO]いいね数: 7
[INFO]likeレコードを追加しました。user_id:sn_____b
[INFO]いいね数: 8
[ERROR]いいねに失敗しました: [{'message': 'You have already favorited this status.', 'code': 139}]
[ERROR]いいねに失敗しました: [{'message': 'You have already favorited this status.', 'code': 139}]
[ERROR]いいねに失敗しました: [{'message': 'You have already favorited this status.', 'code': 139}]
[ERROR]いいねに失敗しました: [{'message': 'You have already favorited this status.', 'code': 139}]
[ERROR]いいねに失敗しました: [{'message': 'You have already favorited this status.', 'code': 139}]
[ERROR]いいねに失敗しました: [{'message': 'You have already favorited this status.', 'code': 139}]
[ERROR]いいねに失敗しました: [{'message': 'You have already favorited this status.', 'code': 139}]
[ERROR]いいねに失敗しました: [{'message': 'You have already favorited this status.', 'code': 139}]
[ERROR]いいねに失敗しました: [{'message': 'You have already favorited this status.', 'code': 139}]
[ERROR]いいねに失敗しました: [{'message': 'You have already favorited this status.', 'code': 139}]
[ERROR]いいねに失敗しました: [{'message': 'You have already favorited this status.', 'code': 139}]
[ERROR]いいねに失敗しました: [{'message': 'You have already favorited this status.', 'code': 139}]
[ERROR]いいねに失敗しました: [{'message': 'You have already favorited this status.', 'code': 139}]
[ERROR]いいねに失敗しました: [{'message': 'You have already favorited this status.', 'code': 139}]
[ERROR]いいねに失敗しました: [{'message': 'You have already favorited this status.', 'code': 139}]
[ERROR]いいねに失敗しました: [{'message': 'You have already favorited this status.', 'code': 139}]
[ERROR]いいねに失敗しました: [{'message': 'You have already favorited this status.', 'code': 139}]
[ERROR]いいねに失敗しました: [{'message': 'You have already favorited this status.', 'code': 139}]
[ERROR]いいねに失敗しました: [{'message': 'You have already favorited this status.', 'code': 139}]
[ERROR]いいねに失敗しました: [{'message': 'You have already favorited this status.', 'code': 139}]
[ERROR]いいねに失敗しました: [{'message': 'You have already favorited this status.', 'code': 139}]
[ERROR]いいねに失敗しました: [{'message': 'You have already favorited this status.', 'code': 139}]
[ERROR]いいねに失敗しました: [{'message': 'You have already favorited this status.', 'code': 139}]
[ERROR]いいねに失敗しました: [{'message': 'You have already favorited this status.', 'code': 139}]
[ERROR]いいねに失敗しました: [{'message': 'You have already favorited this status.', 'code': 139}]
[ERROR]いいねに失敗しました: [{'message': 'You have already favorited this status.', 'code': 139}]
[ERROR]いいねに失敗しました: [{'message': 'You have already favorited this status.', 'code': 139}]
[ERROR]いいねに失敗しました: [{'message': 'You have already favorited this status.', 'code': 139}]
[ERROR]いいねに失敗しました: [{'message': 'You have already favorited this status.', 'code': 139}]
[ERROR]いいねに失敗しました: [{'message': 'You have already favorited this status.', 'code': 139}]
[ERROR]いいねに失敗しました: [{'message': 'You have already favorited this status.', 'code': 139}]
[ERROR]いいねに失敗しました: [{'message': 'You have already favorited this status.', 'code': 139}]
[ERROR]いいねに失敗しました: [{'message': 'You have already favorited this status.', 'code': 139}]
[ERROR]いいねに失敗しました: [{'message': 'You have already favorited this status.', 'code': 139}]
[ERROR]いいねに失敗しました: [{'message': 'You have already favorited this status.', 'code': 139}]
[ERROR]いいねに失敗しました: [{'message': 'You have already favorited this status.', 'code': 139}]
[ERROR]いいねに失敗しました: [{'message': 'You have already favorited this status.', 'code': 139}]
[ERROR]いいねに失敗しました: [{'message': 'You have already favorited this status.', 'code': 139}]
[ERROR]いいねに失敗しました: [{'message': 'You have already favorited this status.', 'code': 139}]
[ERROR]いいねに失敗しました: [{'message': 'You have already favorited this status.', 'code': 139}]
[ERROR]いいねに失敗しました: [{'message': 'You have already favorited this status.', 'code': 139}]
[ERROR]いいねに失敗しました: [{'message': 'You have already favorited this status.', 'code': 139}]
[ERROR]いいねに失敗しました: [{'message': 'You have already favorited this status.', 'code': 139}]
[ERROR]いいねに失敗しました: [{'message': 'You have already favorited this status.', 'code': 139}]
[ERROR]いいねに失敗しました: [{'message': 'You have already favorited this status.', 'code': 139}]
[ERROR]いいねに失敗しました: [{'message': 'You have already favorited this status.', 'code': 139}]
[ERROR]いいねに失敗しました: [{'message': 'You have already favorited this status.', 'code': 139}]
[ERROR]いいねに失敗しました: [{'message': 'You have already favorited this status.', 'code': 139}]
[ERROR]いいねに失敗しました: [{'message': 'You have already favorited this status.', 'code': 139}]
[ERROR]いいねに失敗しました: [{'message': 'You have already favorited this status.', 'code': 139}]
[ERROR]いいねに失敗しました: [{'message': 'You have already favorited this status.', 'code': 139}]
[ERROR]いいねに失敗しました: [{'message': 'You have already favorited this status.', 'code': 139}]
[ERROR]いいねに失敗しました: [{'message': 'You have already favorited this status.', 'code': 139}]
[ERROR]いいねに失敗しました: [{'message': 'You have already favorited this status.', 'code': 139}]
[ERROR]いいねに失敗しました: [{'message': 'You have already favorited this status.', 'code': 139}]
[ERROR]いいねに失敗しました: [{'message': 'You have already favorited this status.', 'code': 139}]
[ERROR]いいねに失敗しました: [{'message': 'You have already favorited this status.', 'code': 139}]
[ERROR]いいねに失敗しました: [{'message': 'You have already favorited this status.', 'code': 139}]
[ERROR]いいねに失敗しました: [{'message': 'You have already favorited this status.', 'code': 139}]
[ERROR]いいねに失敗しました: [{'message': 'You have already favorited this status.', 'code': 139}]
[ERROR]いいねに失敗しました: [{'message': 'You have already favorited this status.', 'code': 139}]
[ERROR]いいねに失敗しました: [{'message': 'You have already favorited this status.', 'code': 139}]
[ERROR]いいねに失敗しました: [{'message': 'You have already favorited this status.', 'code': 139}]
[ERROR]いいねに失敗しました: [{'message': 'You have already favorited this status.', 'code': 139}]
[ERROR]いいねに失敗しました: [{'message': 'You have already favorited this status.', 'code': 139}]
[ERROR]いいねに失敗しました: [{'message': 'You have already favorited this status.', 'code': 139}]
[ERROR]いいねに失敗しました: [{'message': 'You have already favorited this status.', 'code': 139}]
[ERROR]いいねに失敗しました: [{'message': 'You have already favorited this status.', 'code': 139}]
[ERROR]いいねに失敗しました: [{'message': 'You have already favorited this status.', 'code': 139}]
[ERROR]いいねに失敗しました: [{'message': 'You have already favorited this status.', 'code': 139}]
[ERROR]いいねに失敗しました: [{'message': 'You have already favorited this status.', 'code': 139}]
[ERROR]いいねに失敗しました: [{'message': 'You have already favorited this status.', 'code': 139}]
[ERROR]いいねに失敗しました: [{'message': 'You have already favorited this status.', 'code': 139}]
[ERROR]いいねに失敗しました: [{'message': 'You have already favorited this status.', 'code': 139}]
[ERROR]いいねに失敗しました: [{'message': 'You have already favorited this status.', 'code': 139}]
[ERROR]いいねに失敗しました: [{'message': 'You have already favorited this status.', 'code': 139}]
[ERROR]いいねに失敗しました: [{'message': 'You have already favorited this status.', 'code': 139}]
[ERROR]いいねに失敗しました: [{'message': 'You have already favorited this status.', 'code': 139}]
[ERROR]いいねに失敗しました: [{'message': 'You have already favorited this status.', 'code': 139}]
[ERROR]いいねに失敗しました: [{'message': 'You have already favorited this status.', 'code': 139}]
[ERROR]いいねに失敗しました: [{'message': 'You have already favorited this status.', 'code': 139}]
[ERROR]いいねに失敗しました: [{'message': 'You have already favorited this status.', 'code': 139}]
[ERROR]いいねに失敗しました: [{'message': 'You have already favorited this status.', 'code': 139}]
[ERROR]いいねに失敗しました: [{'message': 'You have already favorited this status.', 'code': 139}]
[ERROR]いいねに失敗しました: [{'message': 'You have already favorited this status.', 'code': 139}]
[ERROR]いいねに失敗しました: [{'message': 'You have already favorited this status.', 'code': 139}]
[ERROR]いいねに失敗しました: [{'message': 'You have already favorited this status.', 'code': 139}]
[ERROR]いいねに失敗しました: [{'message': 'You have already favorited this status.', 'code': 139}]
[ERROR]いいねに失敗しました: [{'message': 'You have already favorited this status.', 'code': 139}]
[ERROR]いいねに失敗しました: [{'message': 'You have already favorited this status.', 'code': 139}]
[ERROR]いいねに失敗しました: [{'message': 'You have already favorited this status.', 'code': 139}]
[ERROR]いいねに失敗しました: [{'message': 'You have already favorited this status.', 'code': 139}]
